Arguments: 
  C:\Program Files\nodejs\node.exe C:\Program Files (x86)\Yarn\bin\yarn.js set version berry

PATH: 
  C:\Program Files\PowerShell\7;C:\Windows\system32;C:\Windows;C:\Windows\System32\Wbem;C:\Program Files\PowerShell\7\;C:\Windows\System32\WindowsPowerShell\v1.0\;C:\Windows\System32\OpenSSH\;C:\Program Files (x86)\NVIDIA Corporation\PhysX\Common;C:\Program Files\NVIDIA Corporation\NVIDIA NvDLISR;C:\ProgramData\chocolatey\bin;C:\Program Files (x86)\Yarn\bin\;C:\Program Files\nodejs\;C:\Users\sergi\scoop\apps\corretto\current\bin;C:\Users\sergi\scoop\shims;C:\Users\sergi\scoop\apps\python\current\Scripts;C:\Users\sergi\scoop\apps\python\current;C:\Users\sergi\linux_apps;C:\Users\sergi\AppData\Local\Microsoft\WindowsApps;C:\Users\sergi\AppData\Local\Programs\Microsoft VS Code\bin;C:\Users\sergi\AppData\Local\Yarn\bin;C:\Users\sergi\AppData\Roaming\npm

Yarn version: 
  1.22.5

Node version: 
  16.6.1

Platform: 
  win32 x64

Trace: 
  SyntaxError: C:\Users\sergi\GitHub\phonebook-fs\package.json: Unexpected end of JSON input
      at JSON.parse (<anonymous>)
      at C:\Program Files (x86)\Yarn\lib\cli.js:1625:59
      at Generator.next (<anonymous>)
      at step (C:\Program Files (x86)\Yarn\lib\cli.js:310:30)
      at C:\Program Files (x86)\Yarn\lib\cli.js:321:13

npm manifest: 
  

yarn manifest: 
  No manifest

Lockfile: 
  No lockfile
